2018-01-02 18:18:16 INFO  JavaRushTasksProjectComponent.projectOpened(68) - ---------- Project JavaRushTasks opened ----------

2018-01-02 18:18:17 INFO  ApacheHttpClient.login(209) - Ожидание ответа сервера.
2018-01-02 18:18:17 INFO  ApacheHttpClient.login(213) - responseCode200
2018-01-02 18:18:17 INFO  ApacheHttpClient.login(244) - JSESSIONID=94EAC02E724BB7B3E1B060B033952767
2018-01-02 18:18:17 INFO  ApacheHttpClient.refreshUserInfo(272) - responseCode = 200
2018-01-02 18:18:17 INFO  ApacheHttpClient.refreshUserInfo(278) - Информация о пользователе получена.
2018-01-02 18:18:17 INFO  ApacheHttpClient.startGA(32) - GAService запущен.
2018-01-02 18:18:17 INFO  AbstractRestApiClient.startService(70) - EventsService запущен.
2018-01-02 18:18:25 INFO  ApacheHttpClient.getWebResourceAsStream(420) - responseCode = 200
2018-01-02 18:18:25 INFO  ApacheHttpClient.getFilteredTasks(307) - responseCode = 200
2018-01-02 18:18:31 INFO  ApacheHttpClient.getFilteredTasks(307) - responseCode = 200
2018-01-02 18:18:35 INFO  ApacheHttpClient.getFilteredTasks(307) - responseCode = 200
2018-01-02 18:18:40 INFO  ApacheHttpClient.getFilteredTasks(307) - responseCode = 200
2018-01-02 18:18:41 INFO  ApacheHttpClient.getTaskTemplateInfo(324) - responseCode = 200
2018-01-02 18:18:42 INFO  ApacheHttpClient.testConnection(178) - responseCode = 200
2018-01-02 18:18:42 INFO  ApacheHttpClient.testConnection(185) - result = true
2018-01-02 18:18:42 INFO  ApacheHttpClient.testConnection(178) - responseCode = 200
2018-01-02 18:18:42 INFO  ApacheHttpClient.testConnection(185) - result = true
2018-01-02 18:18:42 INFO  ApacheHttpClient.getWebResourceAsStream(420) - responseCode = 200
2018-01-02 18:19:17 INFO  ApacheHttpClient.sendEvent(450) - responseCode = 200
2018-01-02 18:19:28 INFO  ApacheHttpClient.testConnection(178) - responseCode = 200
2018-01-02 18:19:28 INFO  ApacheHttpClient.testConnection(185) - result = true
2018-01-02 18:19:40 INFO  ApacheHttpClient.testConnection(178) - responseCode = 200
2018-01-02 18:19:40 INFO  ApacheHttpClient.testConnection(185) - result = true
2018-01-02 18:19:47 INFO  ApacheHttpClient.getWebResourceAsStream(420) - responseCode = 200
2018-01-02 18:19:47 INFO  ApacheHttpClient.getWebResourceAsStream(420) - responseCode = 200
2018-01-02 18:19:47 INFO  ApacheHttpClient.getTask(405) - responseCode = 200
2018-01-02 18:19:48 INFO  ApacheHttpClient.completed(27) - responseCode = 200
2018-01-02 18:19:49 INFO  ApacheHttpClient.getTask(405) - responseCode = 200
2018-01-02 18:20:01 INFO  ApacheHttpClient.getWebResourceAsStream(420) - responseCode = 200
2018-01-02 18:20:01 INFO  ApacheHttpClient.getFilteredTasks(307) - responseCode = 200
2018-01-02 18:20:03 INFO  ApacheHttpClient.getTaskTemplateInfo(324) - responseCode = 200
2018-01-02 18:20:03 INFO  ApacheHttpClient.testConnection(178) - responseCode = 200
2018-01-02 18:20:03 INFO  ApacheHttpClient.testConnection(185) - result = true
2018-01-02 18:20:03 INFO  ApacheHttpClient.testConnection(178) - responseCode = 200
2018-01-02 18:20:03 INFO  ApacheHttpClient.testConnection(185) - result = true
2018-01-02 18:20:03 INFO  ApacheHttpClient.getWebResourceAsStream(420) - responseCode = 200
2018-01-02 18:20:17 INFO  ApacheHttpClient.sendEvent(450) - responseCode = 200
2018-01-02 18:20:28 INFO  ApacheHttpClient.getWebResourceAsStream(420) - responseCode = 200
2018-01-02 18:20:28 INFO  ApacheHttpClient.getTask(405) - responseCode = 200
2018-01-02 18:21:17 INFO  ApacheHttpClient.sendEvent(450) - responseCode = 200
2018-01-02 18:21:57 INFO  ApacheHttpClient.getWebResourceAsStream(420) - responseCode = 200
2018-01-02 18:21:57 INFO  ApacheHttpClient.getWebResourceAsStream(420) - responseCode = 200
2018-01-02 18:21:57 INFO  ApacheHttpClient.getTask(405) - responseCode = 200
2018-01-02 18:21:59 INFO  ApacheHttpClient.completed(27) - responseCode = 200
2018-01-02 18:22:17 INFO  ApacheHttpClient.sendEvent(450) - responseCode = 200
2018-01-02 18:23:17 INFO  ApacheHttpClient.sendEvent(450) - responseCode = 200
2018-01-02 18:24:17 INFO  ApacheHttpClient.sendEvent(450) - responseCode = 200
2018-01-02 18:24:52 INFO  ApacheHttpClient.getWebResourceAsStream(420) - responseCode = 200
2018-01-02 18:24:53 INFO  ApacheHttpClient.getWebResourceAsStream(420) - responseCode = 200
2018-01-02 18:24:53 INFO  ApacheHttpClient.getTask(405) - responseCode = 200
2018-01-02 18:24:55 INFO  ApacheHttpClient.completed(27) - responseCode = 200
2018-01-02 18:24:55 INFO  ApacheHttpClient.getTask(405) - responseCode = 200
2018-01-02 18:25:17 INFO  ApacheHttpClient.sendEvent(450) - responseCode = 200
2018-01-02 18:25:42 INFO  ApacheHttpClient.getWebResourceAsStream(420) - responseCode = 200
2018-01-02 18:25:42 INFO  ApacheHttpClient.getFilteredTasks(307) - responseCode = 200
2018-01-02 18:25:45 INFO  ApacheHttpClient.getFilteredTasks(307) - responseCode = 200
2018-01-02 18:25:53 INFO  ApacheHttpClient.getTaskTemplateInfo(324) - responseCode = 200
2018-01-02 18:25:53 INFO  ApacheHttpClient.testConnection(178) - responseCode = 200
2018-01-02 18:25:53 INFO  ApacheHttpClient.testConnection(185) - result = true
2018-01-02 18:25:54 INFO  ApacheHttpClient.testConnection(178) - responseCode = 200
2018-01-02 18:25:54 INFO  ApacheHttpClient.testConnection(185) - result = true
2018-01-02 18:25:54 INFO  ApacheHttpClient.getWebResourceAsStream(420) - responseCode = 200
2018-01-02 18:26:17 INFO  ApacheHttpClient.sendEvent(450) - responseCode = 200
2018-01-02 18:27:17 INFO  ApacheHttpClient.sendEvent(450) - responseCode = 200
2018-01-02 18:28:17 INFO  ApacheHttpClient.sendEvent(450) - responseCode = 200
2018-01-02 18:29:17 INFO  ApacheHttpClient.sendEvent(450) - responseCode = 200
2018-01-02 18:29:23 INFO  ApacheHttpClient.getWebResourceAsStream(420) - responseCode = 200
2018-01-02 18:29:23 INFO  ApacheHttpClient.getWebResourceAsStream(420) - responseCode = 200
2018-01-02 18:29:23 INFO  ApacheHttpClient.getTask(405) - responseCode = 200
2018-01-02 18:29:24 INFO  ApacheHttpClient.completed(27) - responseCode = 200
2018-01-02 18:29:25 INFO  ApacheHttpClient.getTask(405) - responseCode = 200
2018-01-02 18:29:38 INFO  ApacheHttpClient.getWebResourceAsStream(420) - responseCode = 200
2018-01-02 18:29:38 INFO  ApacheHttpClient.getFilteredTasks(307) - responseCode = 200
2018-01-02 18:29:43 INFO  ApacheHttpClient.getTaskTemplateInfo(324) - responseCode = 200
2018-01-02 18:29:43 INFO  ApacheHttpClient.testConnection(178) - responseCode = 200
2018-01-02 18:29:43 INFO  ApacheHttpClient.testConnection(185) - result = true
2018-01-02 18:29:43 INFO  ApacheHttpClient.testConnection(178) - responseCode = 200
2018-01-02 18:29:43 INFO  ApacheHttpClient.testConnection(185) - result = true
2018-01-02 18:29:43 INFO  ApacheHttpClient.getWebResourceAsStream(420) - responseCode = 200
2018-01-02 18:30:17 INFO  ApacheHttpClient.sendEvent(450) - responseCode = 200
2018-01-02 18:31:11 INFO  ApacheHttpClient.getWebResourceAsStream(420) - responseCode = 200
2018-01-02 18:31:11 INFO  ApacheHttpClient.getWebResourceAsStream(420) - responseCode = 200
2018-01-02 18:31:11 INFO  ApacheHttpClient.getTask(405) - responseCode = 200
2018-01-02 18:31:13 INFO  ApacheHttpClient.completed(27) - responseCode = 200
2018-01-02 18:31:13 INFO  ApacheHttpClient.getTask(405) - responseCode = 200
2018-01-02 18:31:17 INFO  ApacheHttpClient.sendEvent(450) - responseCode = 200
2018-01-02 18:31:31 INFO  ApacheHttpClient.getWebResourceAsStream(420) - responseCode = 200
2018-01-02 18:31:31 INFO  ApacheHttpClient.getFilteredTasks(307) - responseCode = 200
2018-01-02 18:32:37 INFO  ApacheHttpClient.getWebResourceAsStream(420) - responseCode = 200
2018-01-02 18:32:37 INFO  ApacheHttpClient.getFilteredTasks(307) - responseCode = 200
2018-01-02 18:32:40 INFO  ApacheHttpClient.getTaskTemplateInfo(324) - responseCode = 200
2018-01-02 18:32:40 INFO  ApacheHttpClient.testConnection(178) - responseCode = 200
2018-01-02 18:32:40 INFO  ApacheHttpClient.testConnection(185) - result = true
2018-01-02 18:32:40 INFO  ApacheHttpClient.testConnection(178) - responseCode = 200
2018-01-02 18:32:40 INFO  ApacheHttpClient.testConnection(185) - result = true
2018-01-02 18:32:41 INFO  ApacheHttpClient.getWebResourceAsStream(420) - responseCode = 200
2018-01-02 18:33:09 INFO  ApacheHttpClient.getWebResourceAsStream(420) - responseCode = 200
2018-01-02 18:33:09 INFO  ApacheHttpClient.getTask(405) - responseCode = 200
2018-01-02 18:33:17 INFO  ApacheHttpClient.sendEvent(450) - responseCode = 200
2018-01-02 18:34:17 INFO  ApacheHttpClient.sendEvent(450) - responseCode = 200
2018-01-02 18:34:39 INFO  ApacheHttpClient.getWebResourceAsStream(420) - responseCode = 200
2018-01-02 18:34:40 INFO  ApacheHttpClient.getWebResourceAsStream(420) - responseCode = 200
2018-01-02 18:34:40 INFO  ApacheHttpClient.getTask(405) - responseCode = 200
2018-01-02 18:34:41 INFO  ApacheHttpClient.completed(27) - responseCode = 200
2018-01-02 18:35:17 INFO  ApacheHttpClient.sendEvent(450) - responseCode = 200
2018-01-02 18:36:17 INFO  ApacheHttpClient.sendEvent(450) - responseCode = 200
2018-01-02 18:36:18 INFO  ApacheHttpClient.getWebResourceAsStream(420) - responseCode = 200
2018-01-02 18:36:18 INFO  ApacheHttpClient.getTask(405) - responseCode = 200
2018-01-02 18:37:17 INFO  ApacheHttpClient.sendEvent(450) - responseCode = 200
2018-01-02 18:38:17 INFO  ApacheHttpClient.sendEvent(450) - responseCode = 200
2018-01-02 18:39:17 INFO  ApacheHttpClient.sendEvent(450) - responseCode = 200
2018-01-02 18:40:17 INFO  ApacheHttpClient.sendEvent(450) - responseCode = 200
2018-01-02 18:41:17 INFO  ApacheHttpClient.sendEvent(450) - responseCode = 200
2018-01-02 18:42:17 INFO  ApacheHttpClient.sendEvent(450) - responseCode = 200
2018-01-02 18:42:31 INFO  ApacheHttpClient.getWebResourceAsStream(420) - responseCode = 200
2018-01-02 18:42:31 INFO  ApacheHttpClient.getWebResourceAsStream(420) - responseCode = 200
2018-01-02 18:42:31 INFO  ApacheHttpClient.getTask(405) - responseCode = 200
2018-01-02 18:42:32 INFO  ApacheHttpClient.completed(27) - responseCode = 200
2018-01-02 18:43:17 INFO  ApacheHttpClient.sendEvent(450) - responseCode = 200
2018-01-02 18:44:17 INFO  ApacheHttpClient.sendEvent(450) - responseCode = 200
2018-01-02 18:45:17 INFO  ApacheHttpClient.sendEvent(450) - responseCode = 200
2018-01-02 18:46:17 INFO  ApacheHttpClient.sendEvent(450) - responseCode = 200
2018-01-02 18:47:17 INFO  ApacheHttpClient.sendEvent(450) - responseCode = 200
2018-01-02 18:48:17 INFO  ApacheHttpClient.sendEvent(450) - responseCode = 200
2018-01-02 18:49:17 INFO  ApacheHttpClient.sendEvent(450) - responseCode = 200
2018-01-02 18:50:17 INFO  ApacheHttpClient.sendEvent(450) - responseCode = 200
2018-01-02 18:51:17 INFO  ApacheHttpClient.sendEvent(450) - responseCode = 200
2018-01-02 18:52:17 INFO  ApacheHttpClient.sendEvent(450) - responseCode = 200
2018-01-02 18:53:17 INFO  ApacheHttpClient.sendEvent(450) - responseCode = 200
2018-01-02 18:54:17 INFO  ApacheHttpClient.sendEvent(450) - responseCode = 200
2018-01-02 18:55:17 INFO  ApacheHttpClient.sendEvent(450) - responseCode = 200
2018-01-02 18:56:17 INFO  ApacheHttpClient.sendEvent(450) - responseCode = 200
2018-01-02 18:57:17 INFO  ApacheHttpClient.sendEvent(450) - responseCode = 200
2018-01-02 18:58:17 INFO  ApacheHttpClient.sendEvent(450) - responseCode = 200
2018-01-02 18:59:17 INFO  ApacheHttpClient.sendEvent(450) - responseCode = 200
2018-01-02 19:00:17 INFO  ApacheHttpClient.sendEvent(450) - responseCode = 200
2018-01-02 19:01:17 INFO  ApacheHttpClient.sendEvent(450) - responseCode = 200
2018-01-02 19:02:17 INFO  ApacheHttpClient.sendEvent(450) - responseCode = 200
2018-01-02 19:03:17 INFO  ApacheHttpClient.sendEvent(450) - responseCode = 200
2018-01-02 19:04:17 INFO  ApacheHttpClient.sendEvent(450) - responseCode = 200
2018-01-02 19:05:17 INFO  ApacheHttpClient.sendEvent(450) - responseCode = 200
2018-01-02 19:06:17 INFO  ApacheHttpClient.sendEvent(450) - responseCode = 200
2018-01-02 19:07:17 INFO  ApacheHttpClient.sendEvent(450) - responseCode = 200
2018-01-02 19:08:17 INFO  ApacheHttpClient.sendEvent(450) - responseCode = 200
2018-01-02 19:09:17 INFO  ApacheHttpClient.sendEvent(450) - responseCode = 200
2018-01-02 19:10:17 INFO  ApacheHttpClient.sendEvent(450) - responseCode = 200
2018-01-02 19:11:17 INFO  ApacheHttpClient.sendEvent(450) - responseCode = 200
2018-01-02 19:12:17 INFO  ApacheHttpClient.sendEvent(450) - responseCode = 200
2018-01-02 19:13:17 INFO  ApacheHttpClient.sendEvent(450) - responseCode = 200
2018-01-02 19:14:17 INFO  ApacheHttpClient.sendEvent(450) - responseCode = 200
2018-01-02 19:15:17 INFO  ApacheHttpClient.sendEvent(450) - responseCode = 200
2018-01-02 19:16:17 INFO  ApacheHttpClient.sendEvent(450) - responseCode = 200
2018-01-02 19:17:17 INFO  ApacheHttpClient.sendEvent(450) - responseCode = 200
2018-01-02 19:18:17 INFO  ApacheHttpClient.sendEvent(450) - responseCode = 200
2018-01-02 19:19:17 INFO  ApacheHttpClient.sendEvent(450) - responseCode = 200
2018-01-02 19:20:17 INFO  ApacheHttpClient.sendEvent(450) - responseCode = 200
2018-01-02 19:21:17 INFO  ApacheHttpClient.sendEvent(450) - responseCode = 200
2018-01-02 19:21:28 INFO  ApacheHttpClient.getWebResourceAsStream(420) - responseCode = 200
2018-01-02 19:21:30 INFO  ApacheHttpClient.resetTask(294) - responseCode = 200
2018-01-02 19:21:30 INFO  ApacheHttpClient.getTask(405) - responseCode = 200
2018-01-02 19:21:30 INFO  ApacheHttpClient.getTaskTemplateInfo(324) - responseCode = 200
2018-01-02 19:21:30 INFO  ApacheHttpClient.testConnection(178) - responseCode = 200
2018-01-02 19:21:30 INFO  ApacheHttpClient.testConnection(185) - result = true
2018-01-02 19:21:30 INFO  ApacheHttpClient.testConnection(178) - responseCode = 200
2018-01-02 19:21:30 INFO  ApacheHttpClient.testConnection(185) - result = true
2018-01-02 19:21:30 INFO  ApacheHttpClient.getWebResourceAsStream(420) - responseCode = 200
2018-01-02 19:22:17 INFO  ApacheHttpClient.sendEvent(450) - responseCode = 200
2018-01-02 19:22:57 INFO  ApacheHttpClient.getWebResourceAsStream(420) - responseCode = 200
2018-01-02 19:22:58 INFO  ApacheHttpClient.getWebResourceAsStream(420) - responseCode = 200
2018-01-02 19:22:58 INFO  ApacheHttpClient.getTask(405) - responseCode = 200
2018-01-02 19:22:59 INFO  ApacheHttpClient.completed(27) - responseCode = 200
2018-01-02 19:22:59 INFO  ApacheHttpClient.getTask(405) - responseCode = 200
2018-01-02 19:23:17 INFO  ApacheHttpClient.sendEvent(450) - responseCode = 200
2018-01-02 19:24:17 INFO  ApacheHttpClient.sendEvent(450) - responseCode = 200
2018-01-02 19:25:17 INFO  ApacheHttpClient.sendEvent(450) - responseCode = 200
2018-01-02 19:26:17 INFO  ApacheHttpClient.sendEvent(450) - responseCode = 200
2018-01-02 19:27:17 INFO  ApacheHttpClient.sendEvent(450) - responseCode = 200
2018-01-02 19:28:17 INFO  ApacheHttpClient.sendEvent(450) - responseCode = 200
2018-01-02 19:29:17 INFO  ApacheHttpClient.sendEvent(450) - responseCode = 200
2018-01-02 19:30:17 INFO  ApacheHttpClient.sendEvent(450) - responseCode = 200
2018-01-02 19:31:17 INFO  ApacheHttpClient.sendEvent(450) - responseCode = 200
2018-01-02 19:32:17 INFO  ApacheHttpClient.sendEvent(450) - responseCode = 200
2018-01-02 19:33:17 INFO  ApacheHttpClient.sendEvent(450) - responseCode = 200
2018-01-02 19:34:17 INFO  ApacheHttpClient.sendEvent(450) - responseCode = 200
2018-01-02 19:35:17 INFO  ApacheHttpClient.sendEvent(450) - responseCode = 200
2018-01-02 19:36:17 INFO  ApacheHttpClient.sendEvent(450) - responseCode = 200
2018-01-02 19:37:17 INFO  ApacheHttpClient.sendEvent(450) - responseCode = 200
2018-01-02 19:38:17 INFO  ApacheHttpClient.sendEvent(450) - responseCode = 200
2018-01-02 19:39:17 INFO  ApacheHttpClient.sendEvent(450) - responseCode = 200
2018-01-02 19:40:17 INFO  ApacheHttpClient.sendEvent(450) - responseCode = 200
2018-01-02 19:41:17 INFO  ApacheHttpClient.sendEvent(450) - responseCode = 200
2018-01-02 19:42:17 INFO  ApacheHttpClient.sendEvent(450) - responseCode = 200
2018-01-02 19:43:17 INFO  ApacheHttpClient.sendEvent(450) - responseCode = 200
2018-01-02 19:44:17 INFO  ApacheHttpClient.sendEvent(450) - responseCode = 200
2018-01-02 19:45:17 INFO  ApacheHttpClient.sendEvent(450) - responseCode = 200
2018-01-02 19:46:17 INFO  ApacheHttpClient.sendEvent(450) - responseCode = 200
2018-01-02 19:47:17 INFO  ApacheHttpClient.sendEvent(450) - responseCode = 200
2018-01-02 19:48:17 INFO  ApacheHttpClient.sendEvent(450) - responseCode = 200
2018-01-02 20:02:09 ERROR ApacheHttpClient.processExceptionSendEvent(103) - (super) Ошибка во время отправки ивента на сервер.
2018-01-02 20:03:09 INFO  ApacheHttpClient.sendEvent(450) - responseCode = 200
2018-01-02 20:04:09 INFO  ApacheHttpClient.sendEvent(450) - responseCode = 200
2018-01-02 20:05:19 INFO  ApacheHttpClient.sendEvent(450) - responseCode = 200
2018-01-02 20:06:19 INFO  ApacheHttpClient.sendEvent(450) - responseCode = 200
2018-01-02 20:07:19 INFO  ApacheHttpClient.sendEvent(450) - responseCode = 200
2018-01-02 20:08:19 INFO  ApacheHttpClient.sendEvent(450) - responseCode = 200
2018-01-02 20:09:29 INFO  ApacheHttpClient.sendEvent(450) - responseCode = 200
2018-01-02 20:10:09 INFO  ApacheHttpClient.sendEvent(450) - responseCode = 200
2018-01-02 20:11:09 INFO  ApacheHttpClient.sendEvent(450) - responseCode = 200
2018-01-02 20:12:09 INFO  ApacheHttpClient.sendEvent(450) - responseCode = 200
2018-01-02 20:13:09 INFO  ApacheHttpClient.sendEvent(450) - responseCode = 200
2018-01-02 20:14:09 INFO  ApacheHttpClient.sendEvent(450) - responseCode = 200
2018-01-02 20:15:09 INFO  ApacheHttpClient.sendEvent(450) - responseCode = 200
2018-01-02 20:16:09 INFO  ApacheHttpClient.sendEvent(450) - responseCode = 200
2018-01-02 20:17:09 INFO  ApacheHttpClient.sendEvent(450) - responseCode = 200
2018-01-02 20:18:09 INFO  ApacheHttpClient.sendEvent(450) - responseCode = 200
2018-01-02 20:19:09 INFO  ApacheHttpClient.sendEvent(450) - responseCode = 200
2018-01-02 20:20:09 INFO  ApacheHttpClient.sendEvent(450) - responseCode = 200
2018-01-02 20:21:09 INFO  ApacheHttpClient.sendEvent(450) - responseCode = 200
2018-01-02 20:22:09 INFO  ApacheHttpClient.sendEvent(450) - responseCode = 200
2018-01-02 20:23:09 INFO  ApacheHttpClient.sendEvent(450) - responseCode = 200
2018-01-02 20:24:09 INFO  ApacheHttpClient.sendEvent(450) - responseCode = 200
2018-01-02 20:25:09 INFO  ApacheHttpClient.sendEvent(450) - responseCode = 200
2018-01-02 20:26:09 INFO  ApacheHttpClient.sendEvent(450) - responseCode = 200
2018-01-02 20:27:19 INFO  ApacheHttpClient.sendEvent(450) - responseCode = 200
2018-01-02 20:28:19 INFO  ApacheHttpClient.sendEvent(450) - responseCode = 200
2018-01-02 20:29:19 INFO  ApacheHttpClient.sendEvent(450) - responseCode = 200
2018-01-02 20:30:19 INFO  ApacheHttpClient.sendEvent(450) - responseCode = 200
2018-01-02 20:31:09 INFO  ApacheHttpClient.sendEvent(450) - responseCode = 200
2018-01-02 20:32:09 INFO  ApacheHttpClient.sendEvent(450) - responseCode = 200
2018-01-02 20:33:09 INFO  ApacheHttpClient.sendEvent(450) - responseCode = 200
2018-01-02 20:34:09 INFO  ApacheHttpClient.sendEvent(450) - responseCode = 200
2018-01-02 20:35:09 INFO  ApacheHttpClient.sendEvent(450) - responseCode = 200
2018-01-02 20:36:09 INFO  ApacheHttpClient.sendEvent(450) - responseCode = 200
2018-01-02 20:37:09 INFO  ApacheHttpClient.sendEvent(450) - responseCode = 200
2018-01-02 20:38:09 INFO  ApacheHttpClient.sendEvent(450) - responseCode = 200
2018-01-02 20:39:09 INFO  ApacheHttpClient.sendEvent(450) - responseCode = 200
2018-01-02 20:39:53 INFO  ApacheHttpClient.getWebResourceAsStream(420) - responseCode = 200
2018-01-02 20:39:53 INFO  ApacheHttpClient.getFilteredTasks(307) - responseCode = 200
2018-01-02 20:39:55 INFO  ApacheHttpClient.getTaskTemplateInfo(324) - responseCode = 200
2018-01-02 20:39:55 INFO  ApacheHttpClient.testConnection(178) - responseCode = 200
2018-01-02 20:39:55 INFO  ApacheHttpClient.testConnection(185) - result = true
2018-01-02 20:39:55 INFO  ApacheHttpClient.testConnection(178) - responseCode = 200
2018-01-02 20:39:55 INFO  ApacheHttpClient.testConnection(185) - result = true
2018-01-02 20:39:55 INFO  ApacheHttpClient.getWebResourceAsStream(420) - responseCode = 200
2018-01-02 20:40:08 INFO  ApacheHttpClient.sendEvent(450) - responseCode = 200
2018-01-02 20:41:09 INFO  ApacheHttpClient.sendEvent(450) - responseCode = 200
2018-01-02 20:42:09 INFO  ApacheHttpClient.sendEvent(450) - responseCode = 200
2018-01-02 20:43:09 INFO  ApacheHttpClient.sendEvent(450) - responseCode = 200
2018-01-02 20:44:09 INFO  ApacheHttpClient.sendEvent(450) - responseCode = 200
2018-01-02 20:45:09 INFO  ApacheHttpClient.sendEvent(450) - responseCode = 200
2018-01-02 20:45:22 INFO  ApacheHttpClient.getWebResourceAsStream(420) - responseCode = 200
2018-01-02 20:45:22 INFO  ApacheHttpClient.getWebResourceAsStream(420) - responseCode = 200
2018-01-02 20:45:22 INFO  ApacheHttpClient.getTask(405) - responseCode = 200
2018-01-02 20:45:24 INFO  ApacheHttpClient.completed(27) - responseCode = 200
2018-01-02 20:45:24 INFO  ApacheHttpClient.getTask(405) - responseCode = 200
2018-01-02 20:46:09 INFO  ApacheHttpClient.sendEvent(450) - responseCode = 200
2018-01-02 20:47:09 INFO  ApacheHttpClient.sendEvent(450) - responseCode = 200
2018-01-02 20:48:08 INFO  ApacheHttpClient.sendEvent(450) - responseCode = 200
2018-01-02 20:49:09 INFO  ApacheHttpClient.sendEvent(450) - responseCode = 200
2018-01-02 20:50:08 INFO  ApacheHttpClient.sendEvent(450) - responseCode = 200
2018-01-02 20:51:08 INFO  ApacheHttpClient.sendEvent(450) - responseCode = 200
2018-01-02 20:52:22 INFO  ApacheHttpClient.getWebResourceAsStream(420) - responseCode = 200
2018-01-02 20:52:22 INFO  ApacheHttpClient.getFilteredTasks(307) - responseCode = 200
2018-01-02 20:52:25 INFO  ApacheHttpClient.getTaskTemplateInfo(324) - responseCode = 200
2018-01-02 20:52:25 INFO  ApacheHttpClient.testConnection(178) - responseCode = 200
2018-01-02 20:52:25 INFO  ApacheHttpClient.testConnection(185) - result = true
2018-01-02 20:52:25 INFO  ApacheHttpClient.testConnection(178) - responseCode = 200
2018-01-02 20:52:25 INFO  ApacheHttpClient.testConnection(185) - result = true
2018-01-02 20:52:26 INFO  ApacheHttpClient.getWebResourceAsStream(420) - responseCode = 200
2018-01-02 20:53:08 INFO  ApacheHttpClient.sendEvent(450) - responseCode = 200
2018-01-02 20:54:06 INFO  ApacheHttpClient.getWebResourceAsStream(420) - responseCode = 200
2018-01-02 20:54:06 INFO  ApacheHttpClient.getWebResourceAsStream(420) - responseCode = 200
2018-01-02 20:54:07 INFO  ApacheHttpClient.getTask(405) - responseCode = 200
2018-01-02 20:54:08 INFO  ApacheHttpClient.completed(27) - responseCode = 200
2018-01-02 20:54:08 INFO  ApacheHttpClient.getTask(405) - responseCode = 200
2018-01-02 20:54:08 INFO  ApacheHttpClient.sendEvent(450) - responseCode = 200
2018-01-02 20:55:08 INFO  ApacheHttpClient.sendEvent(450) - responseCode = 200
2018-01-02 20:56:08 INFO  ApacheHttpClient.sendEvent(450) - responseCode = 200
2018-01-02 20:57:08 INFO  ApacheHttpClient.sendEvent(450) - responseCode = 200
2018-01-02 20:58:08 INFO  ApacheHttpClient.sendEvent(450) - responseCode = 200
